2023-08-06 06:57:44.501672 - Initialized conversion of CBT766
2023-08-06 06:57:44.790825 - Received CBT.V505.FILE766.PDS from FILE766.XMI 
2023-08-06 06:57:44.793304 - Found $$$#DATE.txt (text/plain) in CBT.V505.FILE766.PDS, moved to PDS/$$$#DATE
2023-08-06 06:57:44.794326 - Found $$NOTE1.txt (text/plain) in CBT.V505.FILE766.PDS, moved to PDS/$$NOTE1
2023-08-06 06:57:44.795319 - Found $$NOTE2.txt (text/plain) in CBT.V505.FILE766.PDS, moved to PDS/$$NOTE2
2023-08-06 06:57:44.796282 - Found @@README.txt (text/plain) in CBT.V505.FILE766.PDS, moved to PDS/@@README
2023-08-06 06:57:44.797199 - Found @FILE766.txt (text/plain) in CBT.V505.FILE766.PDS, moved to PDS/@FILE766
2023-08-06 06:57:44.798082 - Found DISCL.txt (text/plain) in CBT.V505.FILE766.PDS, moved to PDS/DISCL
2023-08-06 06:57:44.799001 - Found DISCLAIM.txt (text/plain) in CBT.V505.FILE766.PDS, moved to PDS/DISCLAIM
2023-08-06 06:57:44.799887 - Found JES2PARM.txt (text/plain) in CBT.V505.FILE766.PDS, moved to PDS/JES2PARM
2023-08-06 06:57:44.801000 - Found LSES500.txt (text/plain) in CBT.V505.FILE766.PDS, moved to PDS/LSES500
2023-08-06 06:57:44.801917 - Found LSES500J.jcl (text/plain) in CBT.V505.FILE766.PDS, moved to PDS/LSES500J
2023-08-06 06:57:44.802783 - Found LSES501.txt (text/plain) in CBT.V505.FILE766.PDS, moved to PDS/LSES501
2023-08-06 06:57:44.803607 - Found LSES502.txt (text/plain) in CBT.V505.FILE766.PDS, moved to PDS/LSES502
2023-08-06 06:57:44.805437 - De-xmi-ed SSMINSTP to CBT766/docs/SSMINSTP.pdf
2023-08-06 06:57:44.807298 - De-xmi-ed SSMINSTW to CBT766/docs/SSMINSTW.doc
2023-08-06 06:57:44.809031 - De-xmi-ed SSMOPSGP to CBT766/docs/SSMOPSGP.pdf
2023-08-06 06:57:44.810911 - De-xmi-ed SSMOPSGW to CBT766/docs/SSMOPSGW.doc
2023-08-06 06:57:44.812563 - De-xmi-ed SSMUSERP to CBT766/docs/SSMUSERP.pdf
2023-08-06 06:57:44.814602 - De-xmi-ed SSMUSERW to CBT766/docs/SSMUSERW.doc
2023-08-06 06:57:44.815712 - Found STSCX01A.txt (text/plain) in CBT.V505.FILE766.PDS, moved to PDS/STSCX01A
2023-08-06 06:57:44.816702 - Found STSCX05B.txt (text/plain) in CBT.V505.FILE766.PDS, moved to PDS/STSCX05B
2023-08-06 06:57:44.817698 - Found STSCX15A.txt (text/plain) in CBT.V505.FILE766.PDS, moved to PDS/STSCX15A
2023-08-06 06:57:44.818754 - Found STSCX36A.txt (text/plain) in CBT.V505.FILE766.PDS, moved to PDS/STSCX36A
